
> fleet-management-v2@0.1.0 build
> next build

[@serwist/next] WARNING: You are using '@serwist/next' with `next dev --turbopack`, but Serwist doesn't support Turbopack at the moment. It is recommended that you set `disable` to `process.env.NODE_ENV !== "production"`. Follow https://github.com/serwist/serwist/issues/54 for progress on Serwist + Turbopack. You can also suppress this warning by setting SERWIST_SUPPRESS_TURBOPACK_WARNING=1.
   ▲ Next.js 16.0.0 (Turbopack)
   - Environments: .env.local
   - Experiments (use with caution):
     · optimizePackageImports
     · serverActions

   Creating an optimized production build ...
[@serwist/next] WARNING: You are using '@serwist/next' with `next dev --turbopack`, but Serwist doesn't support Turbopack at the moment. It is recommended that you set `disable` to `process.env.NODE_ENV !== "production"`. Follow https://github.com/serwist/serwist/issues/54 for progress on Serwist + Turbopack. You can also suppress this warning by setting SERWIST_SUPPRESS_TURBOPACK_WARNING=1.
 ✓ Compiled successfully in 7.4s
   Running TypeScript ...
Failed to compile.

./lib/services/pilot-feedback-service.ts:264:13
Type error: Conversion of type '{ admin_response: string | null; category: string; created_at: string; id: string; is_anonymous: boolean; message: string; pilot_id: string; responded_at: string | null; responded_by: string | null; status: string; subject: string; updated_at: string; pilot: SelectQueryError<...>; }[]' to type 'Feedback[]' may be a mistake because neither type sufficiently overlaps with the other. If this was intentional, convert the expression to 'unknown' first.
  Type '{ admin_response: string | null; category: string; created_at: string; id: string; is_anonymous: boolean; message: string; pilot_id: string; responded_at: string | null; responded_by: string | null; status: string; subject: string; updated_at: string; pilot: SelectQueryError<...>; }' is not comparable to type 'Feedback'.
    Types of property 'pilot' are incompatible.
      Type 'SelectQueryError<"column 'rank' does not exist on 'pilots'.">' is not comparable to type '{ first_name: string; last_name: string; rank: string; employee_id: string; } | undefined'.

[0m [90m 262 |[39m     [36mreturn[39m {
 [90m 263 |[39m       success[33m:[39m [36mtrue[39m[33m,[39m
[31m[1m>[22m[39m[90m 264 |[39m       data[33m:[39m (feedback [33m||[39m []) [36mas[39m [33mFeedback[39m[][33m,[39m
 [90m     |[39m             [31m[1m^[22m[39m
 [90m 265 |[39m     }
 [90m 266 |[39m   } [36mcatch[39m (error) {
 [90m 267 |[39m     console[33m.[39merror([32m'Get all feedback error:'[39m[33m,[39m error)[0m
Next.js build worker exited with code: 1 and signal: null
