
> fleet-management-v2@0.1.0 build
> next build

[@serwist/next] WARNING: You are using '@serwist/next' with `next dev --turbopack`, but Serwist doesn't support Turbopack at the moment. It is recommended that you set `disable` to `process.env.NODE_ENV !== "production"`. Follow https://github.com/serwist/serwist/issues/54 for progress on Serwist + Turbopack. You can also suppress this warning by setting SERWIST_SUPPRESS_TURBOPACK_WARNING=1.
   ▲ Next.js 16.0.0 (Turbopack)
   - Environments: .env.local
   - Experiments (use with caution):
     · optimizePackageImports
     · serverActions

   Creating an optimized production build ...
[@serwist/next] WARNING: You are using '@serwist/next' with `next dev --turbopack`, but Serwist doesn't support Turbopack at the moment. It is recommended that you set `disable` to `process.env.NODE_ENV !== "production"`. Follow https://github.com/serwist/serwist/issues/54 for progress on Serwist + Turbopack. You can also suppress this warning by setting SERWIST_SUPPRESS_TURBOPACK_WARNING=1.
 ✓ Compiled successfully in 8.3s
   Running TypeScript ...
Failed to compile.

./lib/utils/leave-calendar-utils.ts:33:19
Type error: Property 'pilot_rank' does not exist on type 'LeaveRequest'.

[0m [90m 31 |[39m     id[33m:[39m request[33m.[39mid[33m,[39m
 [90m 32 |[39m     pilotName[33m:[39m request[33m.[39mpilot_name [33m||[39m [32m'Unknown'[39m[33m,[39m
[31m[1m>[22m[39m[90m 33 |[39m     rank[33m:[39m request[33m.[39mpilot_rank [33m||[39m [32m'Unknown'[39m[33m,[39m
 [90m    |[39m                   [31m[1m^[22m[39m
 [90m 34 |[39m     leaveType[33m:[39m request[33m.[39mleave_type[33m,[39m
 [90m 35 |[39m     startDate[33m:[39m [36mnew[39m [33mDate[39m(request[33m.[39mstart_date)[33m,[39m
 [90m 36 |[39m     endDate[33m:[39m [36mnew[39m [33mDate[39m(request[33m.[39mend_date)[33m,[39m[0m
Next.js build worker exited with code: 1 and signal: null
