
> fleet-management-v2@0.1.0 build
> next build

 ⚠ Warning: Next.js inferred your workspace root, but it may not be correct.
 We detected multiple lockfiles and selected the directory of /Users/skycruzer/package-lock.json as the root directory.
 To silence this warning, set `turbopack.root` in your Next.js config, or consider removing one of the lockfiles if it's not needed.
   See https://nextjs.org/docs/app/api-reference/config/next-config-js/turbopack#root-directory for more information.
 Detected additional lockfiles: 
   * /Users/skycruzer/Desktop/fleet-management-v2/package-lock.json

   ▲ Next.js 16.0.1 (Turbopack)
   - Environments: .env.local, .env.production
   - Experiments (use with caution):
     · optimizePackageImports
     · serverActions

   Creating an optimized production build ...
 ✓ Compiled successfully in 9.3s
   Running TypeScript ...
Failed to compile.

./app/api/reports/fleet/active-roster/route.ts:41:80
Type error: Property 'rank' does not exist on type '{ captain_qualifications: Json; commencement_date: string | null; contract_type: string | null; contract_type_id: string | null; created_at: string; date_of_birth: string | null; ... 14 more ...; user_id: string | null; }'.

[0m [90m 39 |[39m
 [90m 40 |[39m     [36mif[39m (parameters[33m.[39mrank [33m&&[39m parameters[33m.[39mrank[33m.[39mlength [33m>[39m [35m0[39m) {
[31m[1m>[22m[39m[90m 41 |[39m       filteredPilots [33m=[39m filteredPilots[33m.[39mfilter((p) [33m=>[39m parameters[33m.[39mrank[33m.[39mincludes(p[33m.[39mrank))
 [90m    |[39m                                                                                [31m[1m^[22m[39m
 [90m 42 |[39m     }
 [90m 43 |[39m
 [90m 44 |[39m     [36mif[39m (parameters[33m.[39mstatus) {[0m
Next.js build worker exited with code: 1 and signal: null
