
> fleet-management-v2@0.1.0 build
> next build

 ⚠ Warning: Next.js inferred your workspace root, but it may not be correct.
 We detected multiple lockfiles and selected the directory of /Users/skycruzer/package-lock.json as the root directory.
 To silence this warning, set `turbopack.root` in your Next.js config, or consider removing one of the lockfiles if it's not needed.
   See https://nextjs.org/docs/app/api-reference/config/next-config-js/turbopack#root-directory for more information.
 Detected additional lockfiles: 
   * /Users/skycruzer/Desktop/fleet-management-v2/package-lock.json

   ▲ Next.js 16.0.1 (Turbopack)
   - Environments: .env.local, .env.production
   - Experiments (use with caution):
     · optimizePackageImports
     · serverActions

   Creating an optimized production build ...
 ✓ Compiled successfully in 12.9s
   Running TypeScript ...
Failed to compile.

./app/api/reports/email/route.ts:62:45
Type error: Property 'errors' does not exist on type 'ZodError<{ reportType: "leave" | "certifications" | "flight-requests"; filters: { dateRange?: { startDate: string; endDate: string; } | undefined; status?: ("approved" | "pending" | "rejected")[] | undefined; ... 4 more ...; expiryThreshold?: number | undefined; }; recipients: string[]; subject?: string | undefined;...'.

[0m [90m 60 |[39m
 [90m 61 |[39m     [36mif[39m ([33m![39mvalidationResult[33m.[39msuccess) {
[31m[1m>[22m[39m[90m 62 |[39m       [36mconst[39m errors [33m=[39m validationResult[33m.[39merror[33m.[39merrors[33m.[39mmap(err [33m=>[39m ({
 [90m    |[39m                                             [31m[1m^[22m[39m
 [90m 63 |[39m         field[33m:[39m err[33m.[39mpath[33m.[39mjoin([32m'.'[39m)[33m,[39m
 [90m 64 |[39m         message[33m:[39m err[33m.[39mmessage[33m,[39m
 [90m 65 |[39m       }))[0m
Next.js build worker exited with code: 1 and signal: null
