
> fleet-management-v2@0.1.0 build
> next build

[@serwist/next] WARNING: You are using '@serwist/next' with `next dev --turbopack`, but Serwist doesn't support Turbopack at the moment. It is recommended that you set `disable` to `process.env.NODE_ENV !== "production"`. Follow https://github.com/serwist/serwist/issues/54 for progress on Serwist + Turbopack. You can also suppress this warning by setting SERWIST_SUPPRESS_TURBOPACK_WARNING=1.
   ▲ Next.js 16.0.0 (Turbopack)
   - Environments: .env.local
   - Experiments (use with caution):
     · optimizePackageImports
     · serverActions

   Creating an optimized production build ...
[@serwist/next] WARNING: You are using '@serwist/next' with `next dev --turbopack`, but Serwist doesn't support Turbopack at the moment. It is recommended that you set `disable` to `process.env.NODE_ENV !== "production"`. Follow https://github.com/serwist/serwist/issues/54 for progress on Serwist + Turbopack. You can also suppress this warning by setting SERWIST_SUPPRESS_TURBOPACK_WARNING=1.
 ✓ Compiled successfully in 8.4s
   Running TypeScript ...
Failed to compile.

./lib/services/redis-cache-service.ts:320:7
Type error: Type 'Awaited<T>' is not assignable to type '(T | null)[]'.
  Type 'T | (T extends object & { then(onfulfilled: infer F, ...args: infer _): any; } ? F extends (value: infer V, ...args: infer _) => any ? Awaited<V> : never : T)' is not assignable to type '(T | null)[]'.
    Type '(null | undefined) & T' is not assignable to type '(T | null)[]'.
      Type 'undefined & T' is not assignable to type '(T | null)[]'.

[0m [90m 318 |[39m   [36masync[39m mget[33m<[39m[33mT[39m[33m>[39m(keys[33m:[39m string[])[33m:[39m [33mPromise[39m[33m<[39m[33mArray[39m[33m<[39m[33mT[39m [33m|[39m [36mnull[39m[33m>>[39m {
 [90m 319 |[39m     [36mtry[39m {
[31m[1m>[22m[39m[90m 320 |[39m       [36mreturn[39m [36mawait[39m [36mthis[39m[33m.[39mredis[33m.[39mmget[33m<[39m[33mT[39m[33m>[39m([33m...[39mkeys)
 [90m     |[39m       [31m[1m^[22m[39m
 [90m 321 |[39m     } [36mcatch[39m (error) {
 [90m 322 |[39m       logError(error [36mas[39m [33mError[39m[33m,[39m {
 [90m 323 |[39m         source[33m:[39m [32m'RedisCacheService'[39m[33m,[39m[0m
Next.js build worker exited with code: 1 and signal: null
