
> fleet-management-v2@0.1.0 build
> next build

[@serwist/next] WARNING: You are using '@serwist/next' with `next dev --turbopack`, but Serwist doesn't support Turbopack at the moment. It is recommended that you set `disable` to `process.env.NODE_ENV !== "production"`. Follow https://github.com/serwist/serwist/issues/54 for progress on Serwist + Turbopack. You can also suppress this warning by setting SERWIST_SUPPRESS_TURBOPACK_WARNING=1.
   ▲ Next.js 16.0.0 (Turbopack)
   - Environments: .env.local
   - Experiments (use with caution):
     · optimizePackageImports
     · serverActions

   Creating an optimized production build ...
[@serwist/next] WARNING: You are using '@serwist/next' with `next dev --turbopack`, but Serwist doesn't support Turbopack at the moment. It is recommended that you set `disable` to `process.env.NODE_ENV !== "production"`. Follow https://github.com/serwist/serwist/issues/54 for progress on Serwist + Turbopack. You can also suppress this warning by setting SERWIST_SUPPRESS_TURBOPACK_WARNING=1.
 ✓ Compiled successfully in 7.8s
   Running TypeScript ...
Failed to compile.

./lib/services/leave-service.ts:169:12
Type error: Conversion of type '{ pilot_name: string; employee_id: any; pilot_role: any; reviewer_name: string | null; approved_by: string | null; created_at: string | null; days_count: number; end_date: string; id: string; ... 18 more ...; reviewer: { ...; } | null; }' to type 'LeaveRequest' may be a mistake because neither type sufficiently overlaps with the other. If this was intentional, convert the expression to 'unknown' first.
  Types of property 'pilots' are incompatible.
    Type 'SelectQueryError<"Could not embed because more than one relationship was found for 'pilots' and 'leave_requests' you need to hint the column with pilots!<columnName> ?">' is not comparable to type '{ first_name: string; middle_name?: string | null | undefined; last_name: string; employee_id: string; role: "Captain" | "First Officer"; } | null | undefined'.

[0m [90m 167 |[39m     [36mif[39m ([33m![39mrequest) [36mreturn[39m [36mnull[39m
 [90m 168 |[39m
[31m[1m>[22m[39m[90m 169 |[39m     [36mreturn[39m {
 [90m     |[39m            [31m[1m^[22m[39m
 [90m 170 |[39m       [33m...[39mrequest[33m,[39m
 [90m 171 |[39m       pilot_name[33m:[39m request[33m.[39mpilots
 [90m 172 |[39m         [33m?[39m [32m`${request.pilots.first_name} ${request.pilots.middle_name ? `${request.pilots.middle_name} ` : ''}${request.pilots.last_name}`[39m[0m
Next.js build worker exited with code: 1 and signal: null
