
> fleet-management-v2@0.1.0 build
> next build

[@serwist/next] WARNING: You are using '@serwist/next' with `next dev --turbopack`, but Serwist doesn't support Turbopack at the moment. It is recommended that you set `disable` to `process.env.NODE_ENV !== "production"`. Follow https://github.com/serwist/serwist/issues/54 for progress on Serwist + Turbopack. You can also suppress this warning by setting SERWIST_SUPPRESS_TURBOPACK_WARNING=1.
   ▲ Next.js 16.0.0 (Turbopack)
   - Environments: .env.local
   - Experiments (use with caution):
     · optimizePackageImports
     · serverActions

   Creating an optimized production build ...
[@serwist/next] WARNING: You are using '@serwist/next' with `next dev --turbopack`, but Serwist doesn't support Turbopack at the moment. It is recommended that you set `disable` to `process.env.NODE_ENV !== "production"`. Follow https://github.com/serwist/serwist/issues/54 for progress on Serwist + Turbopack. You can also suppress this warning by setting SERWIST_SUPPRESS_TURBOPACK_WARNING=1.
 ✓ Compiled successfully in 7.8s
   Running TypeScript ...
Failed to compile.

./lib/services/notification-service.ts:265:33
Type error: Property 'LOW' does not exist on type 'typeof ErrorSeverity'.

[0m [90m 263 |[39m       logger[33m.[39merror((error [36mas[39m [33mError[39m)[33m.[39mmessage[33m,[39m {
 [90m 264 |[39m         source[33m:[39m [32m'NotificationService'[39m[33m,[39m
[31m[1m>[22m[39m[90m 265 |[39m         severity[33m:[39m [33mErrorSeverity[39m[33m.[39m[33mLOW[39m[33m,[39m
 [90m     |[39m                                 [31m[1m^[22m[39m
 [90m 266 |[39m         metadata[33m:[39m { operation[33m:[39m [32m'markNotificationAsRead'[39m[33m,[39m notificationId }[33m,[39m
 [90m 267 |[39m       })
 [90m 268 |[39m       [36mreturn[39m {[0m
Next.js build worker exited with code: 1 and signal: null
