
> fleet-management-v2@0.1.0 build
> next build

[@serwist/next] WARNING: You are using '@serwist/next' with `next dev --turbopack`, but Serwist doesn't support Turbopack at the moment. It is recommended that you set `disable` to `process.env.NODE_ENV !== "production"`. Follow https://github.com/serwist/serwist/issues/54 for progress on Serwist + Turbopack. You can also suppress this warning by setting SERWIST_SUPPRESS_TURBOPACK_WARNING=1.
   ▲ Next.js 16.0.0 (Turbopack)
   - Environments: .env.local
   - Experiments (use with caution):
     · optimizePackageImports
     · serverActions

   Creating an optimized production build ...
[@serwist/next] WARNING: You are using '@serwist/next' with `next dev --turbopack`, but Serwist doesn't support Turbopack at the moment. It is recommended that you set `disable` to `process.env.NODE_ENV !== "production"`. Follow https://github.com/serwist/serwist/issues/54 for progress on Serwist + Turbopack. You can also suppress this warning by setting SERWIST_SUPPRESS_TURBOPACK_WARNING=1.
 ✓ Compiled successfully in 8.3s
   Running TypeScript ...
Failed to compile.

./components/leave/leave-calendar.tsx:314:29
Type error: Property 'captainsAvailable' does not exist on type 'Omit<DayEvents, "date" | "events">'.

[0m [90m 312 |[39m           [33m<[39m[33mUsers[39m className[33m=[39m[32m"h-3 w-3"[39m [33m/[39m[33m>[39m
 [90m 313 |[39m           [33m<[39m[33mspan[39m[33m>[39m
[31m[1m>[22m[39m[90m 314 |[39m             [33mC[39m[33m:[39m{availability[33m.[39mcaptainsAvailable} [33mFO[39m[33m:[39m{availability[33m.[39mfirstOfficersAvailable}
 [90m     |[39m                             [31m[1m^[22m[39m
 [90m 315 |[39m           [33m<[39m[33m/[39m[33mspan[39m[33m>[39m
 [90m 316 |[39m         [33m<[39m[33m/[39m[33mdiv[39m[33m>[39m
 [90m 317 |[39m       [33m<[39m[33m/[39m[33mdiv[39m[33m>[39m[0m
Next.js build worker exited with code: 1 and signal: null
