
> fleet-management-v2@0.1.0 build
> next build

[@serwist/next] WARNING: You are using '@serwist/next' with `next dev --turbopack`, but Serwist doesn't support Turbopack at the moment. It is recommended that you set `disable` to `process.env.NODE_ENV !== "production"`. Follow https://github.com/serwist/serwist/issues/54 for progress on Serwist + Turbopack. You can also suppress this warning by setting SERWIST_SUPPRESS_TURBOPACK_WARNING=1.
   ▲ Next.js 16.0.0 (Turbopack)
   - Environments: .env.local
   - Experiments (use with caution):
     · optimizePackageImports
     · serverActions

   Creating an optimized production build ...
[@serwist/next] WARNING: You are using '@serwist/next' with `next dev --turbopack`, but Serwist doesn't support Turbopack at the moment. It is recommended that you set `disable` to `process.env.NODE_ENV !== "production"`. Follow https://github.com/serwist/serwist/issues/54 for progress on Serwist + Turbopack. You can also suppress this warning by setting SERWIST_SUPPRESS_TURBOPACK_WARNING=1.
 ✓ Compiled successfully in 8.6s
   Running TypeScript ...
Failed to compile.

./components/leave/leave-calendar.tsx:334:66
Type error: Property 'requestType' does not exist on type 'CalendarEvent'.

[0m [90m 332 |[39m               onEventClick[33m?[39m[33m.[39m(event)
 [90m 333 |[39m             }}
[31m[1m>[22m[39m[90m 334 |[39m             title[33m=[39m{[32m`${event.pilotName} (${event.rank}) - ${event.requestType}`[39m}
 [90m     |[39m                                                                  [31m[1m^[22m[39m
 [90m 335 |[39m           [33m>[39m
 [90m 336 |[39m             {event[33m.[39mpilotName[33m.[39msplit([32m' '[39m)[[35m0[39m]}
 [90m 337 |[39m           [33m<[39m[33m/[39m[33mdiv[39m[33m>[39m[0m
Next.js build worker exited with code: 1 and signal: null
