
> fleet-management-v2@0.1.0 build
> next build

[@serwist/next] WARNING: You are using '@serwist/next' with `next dev --turbopack`, but Serwist doesn't support Turbopack at the moment. It is recommended that you set `disable` to `process.env.NODE_ENV !== "production"`. Follow https://github.com/serwist/serwist/issues/54 for progress on Serwist + Turbopack. You can also suppress this warning by setting SERWIST_SUPPRESS_TURBOPACK_WARNING=1.
   ▲ Next.js 16.0.0 (Turbopack)
   - Environments: .env.local
   - Experiments (use with caution):
     · optimizePackageImports
     · serverActions

   Creating an optimized production build ...
[@serwist/next] WARNING: You are using '@serwist/next' with `next dev --turbopack`, but Serwist doesn't support Turbopack at the moment. It is recommended that you set `disable` to `process.env.NODE_ENV !== "production"`. Follow https://github.com/serwist/serwist/issues/54 for progress on Serwist + Turbopack. You can also suppress this warning by setting SERWIST_SUPPRESS_TURBOPACK_WARNING=1.
 ✓ Compiled successfully in 7.7s
   Running TypeScript ...
Failed to compile.

./lib/services/notification-service.ts:64:8
Type error: No overload matches this call.
  Overload 1 of 2, '(values: { created_at?: string | null | undefined; id?: string | undefined; link?: string | null | undefined; message: string; read?: boolean | null | undefined; recipient_id: string; title: string; type: "leave_request_submitted" | ... 8 more ... | "flight_request_rejected"; updated_at?: string | ... 1 more ... | undefined; }, options?: { ...; } | undefined): PostgrestFilterBuilder<...>', gave the following error.
    Type '"error" | "warning" | "success" | "info"' is not assignable to type '"leave_request_submitted" | "leave_request_approved" | "leave_request_rejected" | "leave_request_pending_review" | "leave_bid_submitted" | "leave_bid_approved" | "leave_bid_rejected" | "flight_request_submitted" | "flight_request_approved" | "flight_request_rejected"'.
      Type '"error"' is not assignable to type '"leave_request_submitted" | "leave_request_approved" | "leave_request_rejected" | "leave_request_pending_review" | "leave_bid_submitted" | "leave_bid_approved" | "leave_bid_rejected" | "flight_request_submitted" | "flight_request_approved" | "flight_request_rejected"'.
  Overload 2 of 2, '(values: { created_at?: string | null | undefined; id?: string | undefined; link?: string | null | undefined; message: string; read?: boolean | null | undefined; recipient_id: string; title: string; type: "leave_request_submitted" | ... 8 more ... | "flight_request_rejected"; updated_at?: string | ... 1 more ... | undefined; }[], options?: { ...; } | undefined): PostgrestFilterBuilder<...>', gave the following error.
    Object literal may only specify known properties, and 'user_id' does not exist in type '{ created_at?: string | null | undefined; id?: string | undefined; link?: string | null | undefined; message: string; read?: boolean | null | undefined; recipient_id: string; title: string; type: "leave_request_submitted" | ... 8 more ... | "flight_request_rejected"; updated_at?: string | ... 1 more ... | undefined;...'.

[0m [90m 62 |[39m     [36mconst[39m { data[33m,[39m error } [33m=[39m [36mawait[39m supabase
 [90m 63 |[39m       [33m.[39m[36mfrom[39m([32m'notifications'[39m)
[31m[1m>[22m[39m[90m 64 |[39m       [33m.[39minsert({
 [90m    |[39m        [31m[1m^[22m[39m
 [90m 65 |[39m         user_id[33m:[39m params[33m.[39muserId[33m,[39m
 [90m 66 |[39m         title[33m:[39m params[33m.[39mtitle[33m,[39m
 [90m 67 |[39m         message[33m:[39m params[33m.[39mmessage[33m,[39m[0m
Next.js build worker exited with code: 1 and signal: null
