
> fleet-management-v2@0.1.0 build
> next build

[@serwist/next] WARNING: You are using '@serwist/next' with `next dev --turbopack`, but Serwist doesn't support Turbopack at the moment. It is recommended that you set `disable` to `process.env.NODE_ENV !== "production"`. Follow https://github.com/serwist/serwist/issues/54 for progress on Serwist + Turbopack. You can also suppress this warning by setting SERWIST_SUPPRESS_TURBOPACK_WARNING=1.
   ▲ Next.js 16.0.0 (Turbopack)
   - Environments: .env.local
   - Experiments (use with caution):
     · optimizePackageImports
     · serverActions

   Creating an optimized production build ...
[@serwist/next] WARNING: You are using '@serwist/next' with `next dev --turbopack`, but Serwist doesn't support Turbopack at the moment. It is recommended that you set `disable` to `process.env.NODE_ENV !== "production"`. Follow https://github.com/serwist/serwist/issues/54 for progress on Serwist + Turbopack. You can also suppress this warning by setting SERWIST_SUPPRESS_TURBOPACK_WARNING=1.
 ✓ Compiled successfully in 7.5s
   Running TypeScript ...
   Collecting page data ...
Error: Redis configuration missing. Set UPSTASH_REDIS_REST_URL and UPSTASH_REDIS_REST_TOKEN environment variables.
    at <unknown> (.next/server/chunks/[root-of-the-server]__daf4895f._.js:1:2137)
    at new <anonymous> (.next/server/chunks/[root-of-the-server]__daf4895f._.js:1:2294)
    at module evaluation (.next/server/chunks/[root-of-the-server]__daf4895f._.js:1:1982)
    at instantiateModule (.next/server/chunks/[turbopack]_runtime.js:715:9)
    at getOrInstantiateModuleFromParent (.next/server/chunks/[turbopack]_runtime.js:738:12)
    at Context.esmImport [as i] (.next/server/chunks/[turbopack]_runtime.js:228:20)
    at module evaluation (.next/server/chunks/[root-of-the-server]__daf4895f._.js:1:6570)
    at instantiateModule (.next/server/chunks/[turbopack]_runtime.js:715:9)
    at instantiateRuntimeModule (.next/server/chunks/[turbopack]_runtime.js:743:12)
    at getOrInstantiateRuntimeModule (.next/server/chunks/[turbopack]_runtime.js:756:12)

> Build error occurred
Error: Failed to collect page data for /api/cache/health
    at ignore-listed frames {
  type: 'Error'
}
