
> fleet-management-v2@0.1.0 build
> next build

[@serwist/next] WARNING: You are using '@serwist/next' with `next dev --turbopack`, but Serwist doesn't support Turbopack at the moment. It is recommended that you set `disable` to `process.env.NODE_ENV !== "production"`. Follow https://github.com/serwist/serwist/issues/54 for progress on Serwist + Turbopack. You can also suppress this warning by setting SERWIST_SUPPRESS_TURBOPACK_WARNING=1.
   ▲ Next.js 16.0.0 (Turbopack)
   - Environments: .env.local
   - Experiments (use with caution):
     · optimizePackageImports
     · serverActions

   Creating an optimized production build ...
[@serwist/next] WARNING: You are using '@serwist/next' with `next dev --turbopack`, but Serwist doesn't support Turbopack at the moment. It is recommended that you set `disable` to `process.env.NODE_ENV !== "production"`. Follow https://github.com/serwist/serwist/issues/54 for progress on Serwist + Turbopack. You can also suppress this warning by setting SERWIST_SUPPRESS_TURBOPACK_WARNING=1.
 ✓ Compiled successfully in 8.6s
   Running TypeScript ...
Failed to compile.

./lib/services/redis-cache-service.ts:143:33
Type error: Property 'WARNING' does not exist on type 'typeof ErrorSeverity'.

[0m [90m 141 |[39m       logError(error [36mas[39m [33mError[39m[33m,[39m {
 [90m 142 |[39m         source[33m:[39m [32m'RedisCacheService'[39m[33m,[39m
[31m[1m>[22m[39m[90m 143 |[39m         severity[33m:[39m [33mErrorSeverity[39m[33m.[39m[33mWARNING[39m[33m,[39m
 [90m     |[39m                                 [31m[1m^[22m[39m
 [90m 144 |[39m         metadata[33m:[39m { operation[33m:[39m [32m'get'[39m[33m,[39m key }[33m,[39m
 [90m 145 |[39m       })
 [90m 146 |[39m       [36mreturn[39m [36mnull[39m[0m
Next.js build worker exited with code: 1 and signal: null
