
> fleet-management-v2@0.1.0 build
> next build

[@serwist/next] WARNING: You are using '@serwist/next' with `next dev --turbopack`, but Serwist doesn't support Turbopack at the moment. It is recommended that you set `disable` to `process.env.NODE_ENV !== "production"`. Follow https://github.com/serwist/serwist/issues/54 for progress on Serwist + Turbopack. You can also suppress this warning by setting SERWIST_SUPPRESS_TURBOPACK_WARNING=1.
   ▲ Next.js 16.0.0 (Turbopack)
   - Environments: .env.local
   - Experiments (use with caution):
     · optimizePackageImports
     · serverActions

   Creating an optimized production build ...
[@serwist/next] WARNING: You are using '@serwist/next' with `next dev --turbopack`, but Serwist doesn't support Turbopack at the moment. It is recommended that you set `disable` to `process.env.NODE_ENV !== "production"`. Follow https://github.com/serwist/serwist/issues/54 for progress on Serwist + Turbopack. You can also suppress this warning by setting SERWIST_SUPPRESS_TURBOPACK_WARNING=1.
 ✓ Compiled successfully in 8.2s
   Running TypeScript ...
Failed to compile.

./lib/services/dashboard-service-v4.ts:181:27
Type error: Property 'current_certifications' does not exist on type '{ total_pilots: number | null; active_pilots: number | null; total_captains: number | null; active_captains: number | null; total_first_officers: number | null; active_first_officers: number | null; ... 19 more ...; last_refreshed: string | null; }'.

[0m [90m 179 |[39m       certifications[33m:[39m {
 [90m 180 |[39m         total[33m:[39m viewData[33m.[39mtotal_certifications [33m||[39m [35m0[39m[33m,[39m
[31m[1m>[22m[39m[90m 181 |[39m         current[33m:[39m viewData[33m.[39mcurrent_certifications [33m||[39m [35m0[39m[33m,[39m
 [90m     |[39m                           [31m[1m^[22m[39m
 [90m 182 |[39m         expiring[33m:[39m viewData[33m.[39mexpiring_certifications [33m||[39m [35m0[39m[33m,[39m
 [90m 183 |[39m         expired[33m:[39m viewData[33m.[39mexpired_certifications [33m||[39m [35m0[39m[33m,[39m
 [90m 184 |[39m         complianceRate[33m:[39m [33mNumber[39m(viewData[33m.[39mcompliance_rate) [33m||[39m [35m100[39m[33m,[39m[0m
Next.js build worker exited with code: 1 and signal: null
