
> fleet-management-v2@0.1.0 build
> next build

[@serwist/next] WARNING: You are using '@serwist/next' with `next dev --turbopack`, but Serwist doesn't support Turbopack at the moment. It is recommended that you set `disable` to `process.env.NODE_ENV !== "production"`. Follow https://github.com/serwist/serwist/issues/54 for progress on Serwist + Turbopack. You can also suppress this warning by setting SERWIST_SUPPRESS_TURBOPACK_WARNING=1.
   ▲ Next.js 16.0.0 (Turbopack)
   - Environments: .env.local
   - Experiments (use with caution):
     · optimizePackageImports
     · serverActions

   Creating an optimized production build ...
[@serwist/next] WARNING: You are using '@serwist/next' with `next dev --turbopack`, but Serwist doesn't support Turbopack at the moment. It is recommended that you set `disable` to `process.env.NODE_ENV !== "production"`. Follow https://github.com/serwist/serwist/issues/54 for progress on Serwist + Turbopack. You can also suppress this warning by setting SERWIST_SUPPRESS_TURBOPACK_WARNING=1.
 ✓ Compiled successfully in 7.6s
   Running TypeScript ...
Failed to compile.

./lib/services/redis-cache-service.ts:379:37
Type error: Property 'info' does not exist on type 'Redis'. Did you mean 'xinfo'?

[0m [90m 377 |[39m     [36mtry[39m {
 [90m 378 |[39m       [36mconst[39m keys [33m=[39m [36mawait[39m [36mthis[39m[33m.[39mredis[33m.[39mkeys([32m'*'[39m)
[31m[1m>[22m[39m[90m 379 |[39m       [36mconst[39m info [33m=[39m [36mawait[39m [36mthis[39m[33m.[39mredis[33m.[39minfo()
 [90m     |[39m                                     [31m[1m^[22m[39m
 [90m 380 |[39m
 [90m 381 |[39m       [36mreturn[39m {
 [90m 382 |[39m         connected[33m:[39m [36mtrue[39m[33m,[39m[0m
Next.js build worker exited with code: 1 and signal: null
