
> fleet-management-v2@0.1.0 build
> next build

[@serwist/next] WARNING: You are using '@serwist/next' with `next dev --turbopack`, but Serwist doesn't support Turbopack at the moment. It is recommended that you set `disable` to `process.env.NODE_ENV !== "production"`. Follow https://github.com/serwist/serwist/issues/54 for progress on Serwist + Turbopack. You can also suppress this warning by setting SERWIST_SUPPRESS_TURBOPACK_WARNING=1.
   ▲ Next.js 16.0.0 (Turbopack)
   - Environments: .env.local
   - Experiments (use with caution):
     · optimizePackageImports
     · serverActions

   Creating an optimized production build ...
[@serwist/next] WARNING: You are using '@serwist/next' with `next dev --turbopack`, but Serwist doesn't support Turbopack at the moment. It is recommended that you set `disable` to `process.env.NODE_ENV !== "production"`. Follow https://github.com/serwist/serwist/issues/54 for progress on Serwist + Turbopack. You can also suppress this warning by setting SERWIST_SUPPRESS_TURBOPACK_WARNING=1.
 ✓ Compiled successfully in 8.2s
   Running TypeScript ...
Failed to compile.

./lib/services/dashboard-service-v3.ts:171:7
Type error: Type 'string | number | true | { [key: string]: Json | undefined; } | Json[]' is not assignable to type 'Record<string, { total: number; current: number; compliance_rate: number; }> | undefined'.
  Type 'string' is not assignable to type 'Record<string, { total: number; current: number; compliance_rate: number; }>'.

[0m [90m 169 |[39m         lastUpdated[33m:[39m viewData[33m.[39mlast_refreshed [33m||[39m [36mnew[39m [33mDate[39m()[33m.[39mtoISOString()[33m,[39m
 [90m 170 |[39m       }[33m,[39m
[31m[1m>[22m[39m[90m 171 |[39m       categories[33m:[39m viewData[33m.[39mcategory_compliance [33m||[39m {}[33m,[39m
 [90m     |[39m       [31m[1m^[22m[39m
 [90m 172 |[39m     }
 [90m 173 |[39m   } [36mcatch[39m (error) {
 [90m 174 |[39m     logError(error [36mas[39m [33mError[39m[33m,[39m {[0m
Next.js build worker exited with code: 1 and signal: null
