
> fleet-management-v2@0.1.0 build
> next build

[@serwist/next] WARNING: You are using '@serwist/next' with `next dev --turbopack`, but Serwist doesn't support Turbopack at the moment. It is recommended that you set `disable` to `process.env.NODE_ENV !== "production"`. Follow https://github.com/serwist/serwist/issues/54 for progress on Serwist + Turbopack. You can also suppress this warning by setting SERWIST_SUPPRESS_TURBOPACK_WARNING=1.
   ▲ Next.js 16.0.0 (Turbopack)
   - Environments: .env.local
   - Experiments (use with caution):
     · optimizePackageImports
     · serverActions

   Creating an optimized production build ...
[@serwist/next] WARNING: You are using '@serwist/next' with `next dev --turbopack`, but Serwist doesn't support Turbopack at the moment. It is recommended that you set `disable` to `process.env.NODE_ENV !== "production"`. Follow https://github.com/serwist/serwist/issues/54 for progress on Serwist + Turbopack. You can also suppress this warning by setting SERWIST_SUPPRESS_TURBOPACK_WARNING=1.
 ✓ Compiled successfully in 7.6s
   Running TypeScript ...
Failed to compile.

./lib/services/certification-service.ts:635:7
Type error: Object literal may only specify known properties, but 'updates' does not exist in type '{ p_updates: Json[]; }'. Did you mean to write 'p_updates'?

[0m [90m 633 |[39m     [90m// Use PostgreSQL function for atomic batch update[39m
 [90m 634 |[39m     [36mconst[39m { data[33m,[39m error } [33m=[39m [36mawait[39m supabase[33m.[39mrpc([32m'batch_update_certifications'[39m[33m,[39m {
[31m[1m>[22m[39m[90m 635 |[39m       updates[33m:[39m updatesJson[33m,[39m
 [90m     |[39m       [31m[1m^[22m[39m
 [90m 636 |[39m     })
 [90m 637 |[39m
 [90m 638 |[39m     [36mif[39m (error) {[0m
Next.js build worker exited with code: 1 and signal: null
