
> fleet-management-v2@0.1.0 build
> next build

 ⚠ Warning: Next.js inferred your workspace root, but it may not be correct.
 We detected multiple lockfiles and selected the directory of /Users/skycruzer/package-lock.json as the root directory.
 To silence this warning, set `turbopack.root` in your Next.js config, or consider removing one of the lockfiles if it's not needed.
   See https://nextjs.org/docs/app/api-reference/config/next-config-js/turbopack#root-directory for more information.
 Detected additional lockfiles: 
   * /Users/skycruzer/Desktop/fleet-management-v2/package-lock.json

   ▲ Next.js 16.0.1 (Turbopack)
   - Environments: .env.local, .env.production
   - Experiments (use with caution):
     · optimizePackageImports
     · serverActions

   Creating an optimized production build ...
 ✓ Compiled successfully in 9.8s
   Running TypeScript ...
Failed to compile.

./app/dashboard/flight-requests/page.tsx:80:49
Type error: 'stats' is possibly 'undefined'.

[0m [90m 78 |[39m       {[90m/* Stats Grid */[39m}
 [90m 79 |[39m       [33m<[39m[33mdiv[39m className[33m=[39m[32m"mb-8 grid grid-cols-1 gap-6 sm:grid-cols-2 lg:grid-cols-5"[39m[33m>[39m
[31m[1m>[22m[39m[90m 80 |[39m         [33m<[39m[33mStatCard[39m title[33m=[39m[32m"Total Requests"[39m value[33m=[39m{stats[33m.[39mtotal} color[33m=[39m[32m"blue"[39m [33m/[39m[33m>[39m
 [90m    |[39m                                                 [31m[1m^[22m[39m
 [90m 81 |[39m         [33m<[39m[33mStatCard[39m title[33m=[39m[32m"Pending"[39m value[33m=[39m{stats[33m.[39mpending} color[33m=[39m[32m"gray"[39m [33m/[39m[33m>[39m
 [90m 82 |[39m         [33m<[39m[33mStatCard[39m title[33m=[39m[32m"Under Review"[39m value[33m=[39m{stats[33m.[39munder_review} color[33m=[39m[32m"yellow"[39m [33m/[39m[33m>[39m
 [90m 83 |[39m         [33m<[39m[33mStatCard[39m title[33m=[39m[32m"Approved"[39m value[33m=[39m{stats[33m.[39mapproved} color[33m=[39m[32m"green"[39m [33m/[39m[33m>[39m[0m
Next.js build worker exited with code: 1 and signal: null
