
> fleet-management-v2@0.1.0 build
> next build

[@serwist/next] WARNING: You are using '@serwist/next' with `next dev --turbopack`, but Serwist doesn't support Turbopack at the moment. It is recommended that you set `disable` to `process.env.NODE_ENV !== "production"`. Follow https://github.com/serwist/serwist/issues/54 for progress on Serwist + Turbopack. You can also suppress this warning by setting SERWIST_SUPPRESS_TURBOPACK_WARNING=1.
   ▲ Next.js 16.0.0 (Turbopack)
   - Environments: .env.local
   - Experiments (use with caution):
     · optimizePackageImports
     · serverActions

   Creating an optimized production build ...
[@serwist/next] WARNING: You are using '@serwist/next' with `next dev --turbopack`, but Serwist doesn't support Turbopack at the moment. It is recommended that you set `disable` to `process.env.NODE_ENV !== "production"`. Follow https://github.com/serwist/serwist/issues/54 for progress on Serwist + Turbopack. You can also suppress this warning by setting SERWIST_SUPPRESS_TURBOPACK_WARNING=1.
 ✓ Compiled successfully in 8.2s
   Running TypeScript ...
Failed to compile.

./lib/services/certification-service.ts:570:7
Type error: Object literal may only specify known properties, but 'certification_ids' does not exist in type '{ p_certification_ids: string[]; }'. Did you mean to write 'p_certification_ids'?

[0m [90m 568 |[39m     [90m// Use PostgreSQL function for atomic bulk delete[39m
 [90m 569 |[39m     [36mconst[39m { data[33m,[39m error } [33m=[39m [36mawait[39m supabase[33m.[39mrpc([32m'bulk_delete_certifications'[39m[33m,[39m {
[31m[1m>[22m[39m[90m 570 |[39m       certification_ids[33m:[39m certificationIds[33m,[39m
 [90m     |[39m       [31m[1m^[22m[39m
 [90m 571 |[39m     })
 [90m 572 |[39m
 [90m 573 |[39m     [36mif[39m (error) {[0m
Next.js build worker exited with code: 1 and signal: null
