
> fleet-management-v2@0.1.0 build
> next build

[@serwist/next] WARNING: You are using '@serwist/next' with `next dev --turbopack`, but Serwist doesn't support Turbopack at the moment. It is recommended that you set `disable` to `process.env.NODE_ENV !== "production"`. Follow https://github.com/serwist/serwist/issues/54 for progress on Serwist + Turbopack. You can also suppress this warning by setting SERWIST_SUPPRESS_TURBOPACK_WARNING=1.
   ▲ Next.js 16.0.0 (Turbopack)
   - Environments: .env.local
   - Experiments (use with caution):
     · optimizePackageImports
     · serverActions

   Creating an optimized production build ...
[@serwist/next] WARNING: You are using '@serwist/next' with `next dev --turbopack`, but Serwist doesn't support Turbopack at the moment. It is recommended that you set `disable` to `process.env.NODE_ENV !== "production"`. Follow https://github.com/serwist/serwist/issues/54 for progress on Serwist + Turbopack. You can also suppress this warning by setting SERWIST_SUPPRESS_TURBOPACK_WARNING=1.
 ✓ Compiled successfully in 8.5s
   Running TypeScript ...
Failed to compile.

./lib/services/notification-service.ts:101:7
Type error: Type '{ created_at: string | null; id: string; link: string | null; message: string; read: boolean | null; recipient_id: string; title: string; type: "leave_request_submitted" | "leave_request_approved" | ... 7 more ... | "flight_request_rejected"; updated_at: string | null; }' is not assignable to type 'Notification | Notification[] | undefined'.
  Type '{ created_at: string | null; id: string; link: string | null; message: string; read: boolean | null; recipient_id: string; title: string; type: "leave_request_submitted" | "leave_request_approved" | ... 7 more ... | "flight_request_rejected"; updated_at: string | null; }' is not assignable to type 'Notification'.
    Types of property 'read' are incompatible.
      Type 'boolean | null' is not assignable to type 'boolean'.
        Type 'null' is not assignable to type 'boolean'.

[0m [90m  99 |[39m     [36mreturn[39m {
 [90m 100 |[39m       success[33m:[39m [36mtrue[39m[33m,[39m
[31m[1m>[22m[39m[90m 101 |[39m       data[33m,[39m
 [90m     |[39m       [31m[1m^[22m[39m
 [90m 102 |[39m     }
 [90m 103 |[39m   } [36mcatch[39m (error) {
 [90m 104 |[39m     logger[33m.[39merror((error [36mas[39m [33mError[39m)[33m.[39mmessage[33m,[39m {[0m
Next.js build worker exited with code: 1 and signal: null
