
> fleet-management-v2@0.1.0 build
> next build

[@serwist/next] WARNING: You are using '@serwist/next' with `next dev --turbopack`, but Serwist doesn't support Turbopack at the moment. It is recommended that you set `disable` to `process.env.NODE_ENV !== "production"`. Follow https://github.com/serwist/serwist/issues/54 for progress on Serwist + Turbopack. You can also suppress this warning by setting SERWIST_SUPPRESS_TURBOPACK_WARNING=1.
   ▲ Next.js 16.0.0 (Turbopack)
   - Environments: .env.local
   - Experiments (use with caution):
     · optimizePackageImports
     · serverActions

   Creating an optimized production build ...
[@serwist/next] WARNING: You are using '@serwist/next' with `next dev --turbopack`, but Serwist doesn't support Turbopack at the moment. It is recommended that you set `disable` to `process.env.NODE_ENV !== "production"`. Follow https://github.com/serwist/serwist/issues/54 for progress on Serwist + Turbopack. You can also suppress this warning by setting SERWIST_SUPPRESS_TURBOPACK_WARNING=1.
 ✓ Compiled successfully in 8.2s
   Running TypeScript ...
Failed to compile.

./components/leave/leave-calendar.tsx:178:45
Type error: Argument of type 'Date' is not assignable to parameter of type 'CalendarEvent[]'.
  Type 'Date' is missing the following properties from type 'CalendarEvent[]': length, pop, push, concat, and 29 more.

[0m [90m 176 |[39m           {[90m/* Calendar Days */[39m}
 [90m 177 |[39m           {calendarDays[33m.[39mmap((date) [33m=>[39m {
[31m[1m>[22m[39m[90m 178 |[39m             [36mconst[39m events [33m=[39m getEventsForDate(date[33m,[39m calendarEvents)
 [90m     |[39m                                             [31m[1m^[22m[39m
 [90m 179 |[39m             [36mconst[39m availability [33m=[39m calculateDayAvailability(
 [90m 180 |[39m               date[33m,[39m
 [90m 181 |[39m               calendarEvents[33m,[39m[0m
Next.js build worker exited with code: 1 and signal: null
