
> fleet-management-v2@0.1.0 build
> next build

[@serwist/next] WARNING: You are using '@serwist/next' with `next dev --turbopack`, but Serwist doesn't support Turbopack at the moment. It is recommended that you set `disable` to `process.env.NODE_ENV !== "production"`. Follow https://github.com/serwist/serwist/issues/54 for progress on Serwist + Turbopack. You can also suppress this warning by setting SERWIST_SUPPRESS_TURBOPACK_WARNING=1.
   ▲ Next.js 16.0.0 (Turbopack)
   - Environments: .env.local
   - Experiments (use with caution):
     · optimizePackageImports
     · serverActions

   Creating an optimized production build ...
[@serwist/next] WARNING: You are using '@serwist/next' with `next dev --turbopack`, but Serwist doesn't support Turbopack at the moment. It is recommended that you set `disable` to `process.env.NODE_ENV !== "production"`. Follow https://github.com/serwist/serwist/issues/54 for progress on Serwist + Turbopack. You can also suppress this warning by setting SERWIST_SUPPRESS_TURBOPACK_WARNING=1.
 ✓ Compiled successfully in 7.8s
   Running TypeScript ...
Failed to compile.

./components/leave/leave-calendar.tsx:276:26
Type error: Expected 4 arguments, but got 1.

[0m [90m 274 |[39m   onEventClick[33m,[39m
 [90m 275 |[39m }[33m:[39m [33mCalendarDayProps[39m) {
[31m[1m>[22m[39m[90m 276 |[39m   [36mconst[39m dayStatusColor [33m=[39m getDayStatusColor(availability[33m.[39mstatus)
 [90m     |[39m                          [31m[1m^[22m[39m
 [90m 277 |[39m
 [90m 278 |[39m   [36mreturn[39m (
 [90m 279 |[39m     [33m<[39m[33mdiv[39m[0m
Next.js build worker exited with code: 1 and signal: null
