
> fleet-management-v2@0.1.0 build
> next build

 ⚠ Warning: Next.js inferred your workspace root, but it may not be correct.
 We detected multiple lockfiles and selected the directory of /Users/skycruzer/package-lock.json as the root directory.
 To silence this warning, set `turbopack.root` in your Next.js config, or consider removing one of the lockfiles if it's not needed.
   See https://nextjs.org/docs/app/api-reference/config/next-config-js/turbopack#root-directory for more information.
 Detected additional lockfiles: 
   * /Users/skycruzer/Desktop/fleet-management-v2/package-lock.json

   ▲ Next.js 16.0.1 (Turbopack)
   - Environments: .env.local, .env.production
   - Experiments (use with caution):
     · optimizePackageImports
     · serverActions

   Creating an optimized production build ...

-----
[1m[31mFATAL[39m[0m: An unexpected Turbopack error occurred. A panic log has been written to /var/folders/jr/nv5s878x7v99qrrcgdsdpbv00000gn/T/next-panic-fa251969c2abf0bd2ab37903e22cec5.log.

To help make Turbopack better, report this error by ]8;;https://github.com/vercel/next.js/discussions/new?category=turbopack-error-report&title=Turbopack%20Error%3A%20Failed%20to%20write%20app%20endpoint%20%2Fpage&body=Turbopack%20version%3A%20%60v16.0.1-canary.5-10-g406721415%60%0ANext.js%20version%3A%20%600.0.0%60%0A%0AError%20message%3A%0A%60%60%60%0AFailed%20to%20write%20app%20endpoint%20%2Fpage%0A%0ACaused%20by%3A%0A-%20reading%20file%20%2FUsers%2Fskycruzer%2FDesktop%2Ffleet-management-v2%2Fnode_modules%2Fnext%2Fdist%2Fbuild%2Fpolyfills%2Fpolyfill-nomodule.js%0A-%20Operation%20timed%20out%20%28os%20error%2060%29%0A%0ADebug%20info%3A%0A-%20Execution%20of%20get_all_written_entrypoints_with_issues_operation%20failed%0A-%20Execution%20of%20EntrypointsOperation%3A%3Anew%20failed%0A-%20Execution%20of%20all_entrypoints_write_to_disk_operation%20failed%0A-%20Execution%20of%20Project%3A%3Aemit_all_output_assets%20failed%0A-%20Execution%20of%20%2Aemit_assets%20failed%0A-%20Execution%20of%20all_assets_from_entries_operation%20failed%0A-%20Execution%20of%20%2Aall_assets_from_entries%20failed%0A-%20Execution%20of%20output_assets_operation%20failed%0A-%20Execution%20of%20%3CAppEndpoint%20as%20Endpoint%3E%3A%3Aoutput%20failed%0A-%20Failed%20to%20write%20app%20endpoint%20%2Fpage%0A-%20Execution%20of%20AppEndpoint%3A%3Aoutput%20failed%0A-%20Execution%20of%20%3CBrowserChunkingContext%20as%20ChunkingContext%3E%3A%3Achunk_path%20failed%0A-%20Execution%20of%20%3CFileSource%20as%20Asset%3E%3A%3Acontent%20failed%0A-%20Execution%20of%20%3CDiskFileSystem%20as%20FileSystem%3E%3A%3Aread%20failed%0A-%20reading%20file%20%2FUsers%2Fskycruzer%2FDesktop%2Ffleet-management-v2%2Fnode_modules%2Fnext%2Fdist%2Fbuild%2Fpolyfills%2Fpolyfill-nomodule.js%0A-%20Operation%20timed%20out%20%28os%20error%2060%29%0A%60%60%60&labels=Turbopack,Turbopack%20Panic%20Backtrace\clicking here.]8;;\
-----


> Build error occurred
Error [TurbopackInternalError]: Failed to write app endpoint /page

Caused by:
- reading file /Users/skycruzer/Desktop/fleet-management-v2/node_modules/next/dist/build/polyfills/polyfill-nomodule.js
- Operation timed out (os error 60)

Debug info:
- Execution of get_all_written_entrypoints_with_issues_operation failed
- Execution of EntrypointsOperation::new failed
- Execution of all_entrypoints_write_to_disk_operation failed
- Execution of Project::emit_all_output_assets failed
- Execution of *emit_assets failed
- Execution of all_assets_from_entries_operation failed
- Execution of *all_assets_from_entries failed
- Execution of output_assets_operation failed
- Execution of <AppEndpoint as Endpoint>::output failed
- Failed to write app endpoint /page
- Execution of AppEndpoint::output failed
- Execution of <BrowserChunkingContext as ChunkingContext>::chunk_path failed
- Execution of <FileSource as Asset>::content failed
- Execution of <DiskFileSystem as FileSystem>::read failed
- reading file /Users/skycruzer/Desktop/fleet-management-v2/node_modules/next/dist/build/polyfills/polyfill-nomodule.js
- Operation timed out (os error 60)
    at <unknown> (TurbopackInternalError: Failed to write app endpoint /page) {
  type: 'TurbopackInternalError',
  location: undefined
}
