
> fleet-management-v2@0.1.0 build
> next build

[@serwist/next] WARNING: You are using '@serwist/next' with `next dev --turbopack`, but Serwist doesn't support Turbopack at the moment. It is recommended that you set `disable` to `process.env.NODE_ENV !== "production"`. Follow https://github.com/serwist/serwist/issues/54 for progress on Serwist + Turbopack. You can also suppress this warning by setting SERWIST_SUPPRESS_TURBOPACK_WARNING=1.
   ▲ Next.js 16.0.0 (Turbopack)
   - Environments: .env.local
   - Experiments (use with caution):
     · optimizePackageImports
     · serverActions

   Creating an optimized production build ...
[@serwist/next] WARNING: You are using '@serwist/next' with `next dev --turbopack`, but Serwist doesn't support Turbopack at the moment. It is recommended that you set `disable` to `process.env.NODE_ENV !== "production"`. Follow https://github.com/serwist/serwist/issues/54 for progress on Serwist + Turbopack. You can also suppress this warning by setting SERWIST_SUPPRESS_TURBOPACK_WARNING=1.
 ✓ Compiled successfully in 7.7s
   Running TypeScript ...
Failed to compile.

./lib/services/notification-service.ts:523:42
Type error: Argument of type '{ userId: string; title: string; message: string; type: "error" | "warning" | "success" | "info"; metadata: Record<string, unknown> | undefined; }[]' is not assignable to parameter of type 'CreateNotificationParams[]'.
  Type '{ userId: string; title: string; message: string; type: "error" | "warning" | "success" | "info"; metadata: Record<string, unknown> | undefined; }' is not assignable to type 'CreateNotificationParams'.
    Types of property 'type' are incompatible.
      Type '"error" | "warning" | "success" | "info"' is not assignable to type 'NotificationType'.
        Type '"error"' is not assignable to type 'NotificationType'.

[0m [90m 521 |[39m     }))
 [90m 522 |[39m
[31m[1m>[22m[39m[90m 523 |[39m     [36mreturn[39m [36mawait[39m createBulkNotifications(notifications)
 [90m     |[39m                                          [31m[1m^[22m[39m
 [90m 524 |[39m   } [36mcatch[39m (error) {
 [90m 525 |[39m     logger[33m.[39merror((error [36mas[39m [33mError[39m)[33m.[39mmessage[33m,[39m {
 [90m 526 |[39m       source[33m:[39m [32m'NotificationService'[39m[33m,[39m[0m
Next.js build worker exited with code: 1 and signal: null
